{"numFailedTestSuites":1,"numFailedTests":1,"numPassedTestSuites":9,"numPassedTests":57,"numPendingTestSuites":0,"numPendingTests":0,"numRuntimeErrorTestSuites":0,"numTodoTests":0,"numTotalTestSuites":10,"numTotalTests":58,"openHandles":[],"snapshot":{"added":0,"didUpdate":false,"failure":false,"filesAdded":0,"filesRemoved":0,"filesRemovedList":[],"filesUnmatched":0,"filesUpdated":0,"matched":0,"total":0,"unchecked":0,"uncheckedKeysByFile":[],"unmatched":0,"updated":0},"startTime":1756929277692,"success":false,"testResults":[{"assertionResults":[{"ancestorTitles":["PNML Parser (real)"],"duration":139,"failureDetails":[],"failureMessages":[],"fullName":"PNML Parser (real) parsePNML parses a simple PNML (with namespaces) into JSON","invocations":1,"location":null,"numPassingAsserts":20,"retryReasons":[],"status":"passed","title":"parsePNML parses a simple PNML (with namespaces) into JSON"},{"ancestorTitles":["PNML Parser (real)"],"duration":175,"failureDetails":[],"failureMessages":[],"fullName":"PNML Parser (real) parsePNML returns empty arrays for invalid/empty input without throwing","invocations":1,"location":null,"numPassingAsserts":3,"retryReasons":[],"status":"passed","title":"parsePNML returns empty arrays for invalid/empty input without throwing"},{"ancestorTitles":["PNML Parser (real)"],"duration":45,"failureDetails":[],"failureMessages":[],"fullName":"PNML Parser (real) generatePNML produces a PNML string from a JSON Petri net and validates arcs","invocations":1,"location":null,"numPassingAsserts":7,"retryReasons":[],"status":"passed","title":"generatePNML produces a PNML string from a JSON Petri net and validates arcs"},{"ancestorTitles":["PNML Parser (real)"],"duration":31,"failureDetails":[{"matcherResult":{"expected":"x","message":"\u001b[2mexpect(\u001b[22m\u001b[31mreceived\u001b[39m\u001b[2m).\u001b[22mtoBe\u001b[2m(\u001b[22m\u001b[32mexpected\u001b[39m\u001b[2m) // Object.is equality\u001b[22m\n\nExpected: \u001b[32m\"x\"\u001b[39m\nReceived: \u001b[31mundefined\u001b[39m","name":"toBe","pass":false}}],"failureMessages":["Error: \u001b[2mexpect(\u001b[22m\u001b[31mreceived\u001b[39m\u001b[2m).\u001b[22mtoBe\u001b[2m(\u001b[22m\u001b[32mexpected\u001b[39m\u001b[2m) // Object.is equality\u001b[22m\n\nExpected: \u001b[32m\"x\"\u001b[39m\nReceived: \u001b[31mundefined\u001b[39m\n    at Object.toBe (C:\\Users\\Levi\\CascadeProjects\\petri-net-editor\\petri-net-app\\src\\__tests__\\utils\\pnml-parser.test.js:129:36)\n    at Promise.then.completed (C:\\Users\\Levi\\CascadeProjects\\petri-net-editor\\petri-net-app\\node_modules\\jest-circus\\build\\utils.js:298:28)\n    at new Promise (<anonymous>)\n    at callAsyncCircusFn (C:\\Users\\Levi\\CascadeProjects\\petri-net-editor\\petri-net-app\\node_modules\\jest-circus\\build\\utils.js:231:10)\n    at _callCircusTest (C:\\Users\\Levi\\CascadeProjects\\petri-net-editor\\petri-net-app\\node_modules\\jest-circus\\build\\run.js:316:40)\n    at processTicksAndRejections (node:internal/process/task_queues:105:5)\n    at _runTest (C:\\Users\\Levi\\CascadeProjects\\petri-net-editor\\petri-net-app\\node_modules\\jest-circus\\build\\run.js:252:3)\n    at _runTestsForDescribeBlock (C:\\Users\\Levi\\CascadeProjects\\petri-net-editor\\petri-net-app\\node_modules\\jest-circus\\build\\run.js:126:9)\n    at _runTestsForDescribeBlock (C:\\Users\\Levi\\CascadeProjects\\petri-net-editor\\petri-net-app\\node_modules\\jest-circus\\build\\run.js:121:9)\n    at run (C:\\Users\\Levi\\CascadeProjects\\petri-net-editor\\petri-net-app\\node_modules\\jest-circus\\build\\run.js:71:3)\n    at runAndTransformResultsToJestFormat (C:\\Users\\Levi\\CascadeProjects\\petri-net-editor\\petri-net-app\\node_modules\\jest-circus\\build\\legacy-code-todo-rewrite\\jestAdapterInit.js:122:21)\n    at jestAdapter (C:\\Users\\Levi\\CascadeProjects\\petri-net-editor\\petri-net-app\\node_modules\\jest-circus\\build\\legacy-code-todo-rewrite\\jestAdapter.js:79:19)\n    at runTestInternal (C:\\Users\\Levi\\CascadeProjects\\petri-net-editor\\petri-net-app\\node_modules\\jest-runner\\build\\runTest.js:367:16)\n    at runTest (C:\\Users\\Levi\\CascadeProjects\\petri-net-editor\\petri-net-app\\node_modules\\jest-runner\\build\\runTest.js:444:34)\n    at Object.worker (C:\\Users\\Levi\\CascadeProjects\\petri-net-editor\\petri-net-app\\node_modules\\jest-runner\\build\\testWorker.js:106:12)"],"fullName":"PNML Parser (real) parsePNML supports algebraic annotations (type, guard, action, binding, valueTokens)","invocations":1,"location":null,"numPassingAsserts":5,"retryReasons":[],"status":"failed","title":"parsePNML supports algebraic annotations (type, guard, action, binding, valueTokens)"},{"ancestorTitles":["PNML Parser (real)"],"duration":42,"failureDetails":[],"failureMessages":[],"fullName":"PNML Parser (real) generatePNML emits APN namespace elements when algebraic annotations present","invocations":1,"location":null,"numPassingAsserts":6,"retryReasons":[],"status":"passed","title":"generatePNML emits APN namespace elements when algebraic annotations present"},{"ancestorTitles":["PNML Parser (real)"],"duration":13,"failureDetails":[],"failureMessages":[],"fullName":"PNML Parser (real) generatePNML handles mixed arc formats (source/target and sourceId/targetId)","invocations":1,"location":null,"numPassingAsserts":3,"retryReasons":[],"status":"passed","title":"generatePNML handles mixed arc formats (source/target and sourceId/targetId)"}],"endTime":1756929294764,"message":"\u001b[1m\u001b[31m  \u001b[1m● \u001b[22m\u001b[1mPNML Parser (real) › parsePNML supports algebraic annotations (type, guard, action, binding, valueTokens)\u001b[39m\u001b[22m\n\n    \u001b[2mexpect(\u001b[22m\u001b[31mreceived\u001b[39m\u001b[2m).\u001b[22mtoBe\u001b[2m(\u001b[22m\u001b[32mexpected\u001b[39m\u001b[2m) // Object.is equality\u001b[22m\n\n    Expected: \u001b[32m\"x\"\u001b[39m\n    Received: \u001b[31mundefined\u001b[39m\n\u001b[2m\u001b[22m\n\u001b[2m    \u001b[0m \u001b[90m 127 |\u001b[39m     expect(result\u001b[33m.\u001b[39mtransitions[\u001b[35m0\u001b[39m]\u001b[33m.\u001b[39mguard)\u001b[33m.\u001b[39mtoBe(\u001b[32m'x + y > 3'\u001b[39m)\u001b[33m;\u001b[39m\u001b[22m\n\u001b[2m     \u001b[90m 128 |\u001b[39m     expect(result\u001b[33m.\u001b[39mtransitions[\u001b[35m0\u001b[39m]\u001b[33m.\u001b[39maction)\u001b[33m.\u001b[39mtoBe(\u001b[32m'z = x + y'\u001b[39m)\u001b[33m;\u001b[39m\u001b[22m\n\u001b[2m    \u001b[31m\u001b[1m>\u001b[22m\u001b[2m\u001b[39m\u001b[90m 129 |\u001b[39m     expect(result\u001b[33m.\u001b[39marcs[\u001b[35m0\u001b[39m]\u001b[33m.\u001b[39mbinding)\u001b[33m.\u001b[39mtoBe(\u001b[32m'x'\u001b[39m)\u001b[33m;\u001b[39m\u001b[22m\n\u001b[2m     \u001b[90m     |\u001b[39m                                    \u001b[31m\u001b[1m^\u001b[22m\u001b[2m\u001b[39m\u001b[22m\n\u001b[2m     \u001b[90m 130 |\u001b[39m   })\u001b[33m;\u001b[39m\u001b[22m\n\u001b[2m     \u001b[90m 131 |\u001b[39m\u001b[22m\n\u001b[2m     \u001b[90m 132 |\u001b[39m   test(\u001b[32m'generatePNML emits APN namespace elements when algebraic annotations present'\u001b[39m\u001b[33m,\u001b[39m () \u001b[33m=>\u001b[39m {\u001b[0m\u001b[22m\n\u001b[2m\u001b[22m\n\u001b[2m      \u001b[2mat Object.toBe (\u001b[22m\u001b[2m\u001b[0m\u001b[36msrc/__tests__/utils/pnml-parser.test.js\u001b[39m\u001b[0m\u001b[2m:129:36)\u001b[22m\u001b[2m\u001b[22m\n","name":"C:\\Users\\Levi\\CascadeProjects\\petri-net-editor\\petri-net-app\\src\\__tests__\\utils\\pnml-parser.test.js","startTime":1756929286606,"status":"failed","summary":""},{"assertionResults":[{"ancestorTitles":["HistoryManager"],"duration":49,"failureDetails":[],"failureMessages":[],"fullName":"HistoryManager should initialize with initial state","invocations":1,"location":null,"numPassingAsserts":3,"retryReasons":[],"status":"passed","title":"should initialize with initial state"},{"ancestorTitles":["HistoryManager"],"duration":31,"failureDetails":[],"failureMessages":[],"fullName":"HistoryManager should add new state and allow undo","invocations":1,"location":null,"numPassingAsserts":3,"retryReasons":[],"status":"passed","title":"should add new state and allow undo"},{"ancestorTitles":["HistoryManager"],"duration":13,"failureDetails":[],"failureMessages":[],"fullName":"HistoryManager should not add duplicate state","invocations":1,"location":null,"numPassingAsserts":1,"retryReasons":[],"status":"passed","title":"should not add duplicate state"},{"ancestorTitles":["HistoryManager"],"duration":18,"failureDetails":[],"failureMessages":[],"fullName":"HistoryManager should undo and redo correctly","invocations":1,"location":null,"numPassingAsserts":6,"retryReasons":[],"status":"passed","title":"should undo and redo correctly"},{"ancestorTitles":["HistoryManager"],"duration":16,"failureDetails":[],"failureMessages":[],"fullName":"HistoryManager should limit history to maxStates","invocations":1,"location":null,"numPassingAsserts":2,"retryReasons":[],"status":"passed","title":"should limit history to maxStates"},{"ancestorTitles":["HistoryManager"],"duration":2,"failureDetails":[],"failureMessages":[],"fullName":"HistoryManager should handle undo when at beginning of history","invocations":1,"location":null,"numPassingAsserts":1,"retryReasons":[],"status":"passed","title":"should handle undo when at beginning of history"},{"ancestorTitles":["HistoryManager"],"duration":12,"failureDetails":[],"failureMessages":[],"fullName":"HistoryManager should handle redo when at end of history","invocations":1,"location":null,"numPassingAsserts":1,"retryReasons":[],"status":"passed","title":"should handle redo when at end of history"},{"ancestorTitles":["HistoryManager"],"duration":35,"failureDetails":[],"failureMessages":[],"fullName":"HistoryManager should truncate future states when adding after undo","invocations":1,"location":null,"numPassingAsserts":2,"retryReasons":[],"status":"passed","title":"should truncate future states when adding after undo"},{"ancestorTitles":["HistoryManager"],"duration":470,"failureDetails":[],"failureMessages":[],"fullName":"HistoryManager should limit history to exactly 50 states as per requirements","invocations":1,"location":null,"numPassingAsserts":10,"retryReasons":[],"status":"passed","title":"should limit history to exactly 50 states as per requirements"}],"endTime":1756929295214,"message":"","name":"C:\\Users\\Levi\\CascadeProjects\\petri-net-editor\\petri-net-app\\src\\__tests__\\features\\history\\historyManager.test.js","startTime":1756929286736,"status":"passed","summary":""},{"assertionResults":[{"ancestorTitles":["Arc Component"],"duration":223,"failureDetails":[],"failureMessages":[],"fullName":"Arc Component renders correctly with valid source and target","invocations":1,"location":null,"numPassingAsserts":2,"retryReasons":[],"status":"passed","title":"renders correctly with valid source and target"},{"ancestorTitles":["Arc Component"],"duration":17,"failureDetails":[],"failureMessages":[],"fullName":"Arc Component applies selected styling when isSelected is true","invocations":1,"location":null,"numPassingAsserts":2,"retryReasons":[],"status":"passed","title":"applies selected styling when isSelected is true"},{"ancestorTitles":["Arc Component"],"duration":28,"failureDetails":[],"failureMessages":[],"fullName":"Arc Component calls onClick handler when clicked","invocations":1,"location":null,"numPassingAsserts":1,"retryReasons":[],"status":"passed","title":"calls onClick handler when clicked"},{"ancestorTitles":["Arc Component"],"duration":9,"failureDetails":[],"failureMessages":[],"fullName":"Arc Component returns null if source is not found","invocations":1,"location":null,"numPassingAsserts":1,"retryReasons":[],"status":"passed","title":"returns null if source is not found"},{"ancestorTitles":["Arc Component"],"duration":9,"failureDetails":[],"failureMessages":[],"fullName":"Arc Component returns null if target is not found","invocations":1,"location":null,"numPassingAsserts":1,"retryReasons":[],"status":"passed","title":"returns null if target is not found"},{"ancestorTitles":["Arc Component"],"duration":67,"failureDetails":[],"failureMessages":[],"fullName":"Arc Component renders arrow points for the arc","invocations":1,"location":null,"numPassingAsserts":2,"retryReasons":[],"status":"passed","title":"renders arrow points for the arc"},{"ancestorTitles":["Arc Component"],"duration":1,"failureDetails":[],"failureMessages":[],"fullName":"Arc Component cancels arc creation when clicking on empty canvas (placeholder)","invocations":1,"location":null,"numPassingAsserts":1,"retryReasons":[],"status":"passed","title":"cancels arc creation when clicking on empty canvas (placeholder)"}],"endTime":1756929297459,"message":"","name":"C:\\Users\\Levi\\CascadeProjects\\petri-net-editor\\petri-net-app\\src\\__tests__\\components\\Arc.test.jsx","startTime":1756929286963,"status":"passed","summary":""},{"assertionResults":[{"ancestorTitles":["ADT parser and validator"],"duration":35,"failureDetails":[],"failureMessages":[],"fullName":"ADT parser and validator parses ADT XML","invocations":1,"location":null,"numPassingAsserts":4,"retryReasons":[],"status":"passed","title":"parses ADT XML"},{"ancestorTitles":["ADT parser and validator"],"duration":9,"failureDetails":[],"failureMessages":[],"fullName":"ADT parser and validator validates ADT structure","invocations":1,"location":null,"numPassingAsserts":2,"retryReasons":[],"status":"passed","title":"validates ADT structure"},{"ancestorTitles":["ADT parser and validator"],"duration":32,"failureDetails":[],"failureMessages":[],"fullName":"ADT parser and validator generates ADT XML","invocations":1,"location":null,"numPassingAsserts":3,"retryReasons":[],"status":"passed","title":"generates ADT XML"}],"endTime":1756929297497,"message":"","name":"C:\\Users\\Levi\\CascadeProjects\\petri-net-editor\\petri-net-app\\src\\__tests__\\utils\\adt-parser.test.js","startTime":1756929296449,"status":"passed","summary":""},{"assertionResults":[{"ancestorTitles":["Place Component"],"duration":281,"failureDetails":[],"failureMessages":[],"fullName":"Place Component renders with correct position","invocations":1,"location":null,"numPassingAsserts":3,"retryReasons":[],"status":"passed","title":"renders with correct position"},{"ancestorTitles":["Place Component"],"duration":23,"failureDetails":[],"failureMessages":[],"fullName":"Place Component applies selected styling when isSelected is true","invocations":1,"location":null,"numPassingAsserts":3,"retryReasons":[],"status":"passed","title":"applies selected styling when isSelected is true"},{"ancestorTitles":["Place Component"],"duration":20,"failureDetails":[],"failureMessages":[],"fullName":"Place Component displays correct place name","invocations":1,"location":null,"numPassingAsserts":1,"retryReasons":[],"status":"passed","title":"displays correct place name"},{"ancestorTitles":["Place Component"],"duration":14,"failureDetails":[],"failureMessages":[],"fullName":"Place Component displays correct token count","invocations":1,"location":null,"numPassingAsserts":1,"retryReasons":[],"status":"passed","title":"displays correct token count"},{"ancestorTitles":["Place Component"],"duration":41,"failureDetails":[],"failureMessages":[],"fullName":"Place Component calls onSelect handler when clicked","invocations":1,"location":null,"numPassingAsserts":3,"retryReasons":[],"status":"passed","title":"calls onSelect handler when clicked"},{"ancestorTitles":["Place Component"],"duration":22,"failureDetails":[],"failureMessages":[],"fullName":"Place Component is draggable","invocations":1,"location":null,"numPassingAsserts":1,"retryReasons":[],"status":"passed","title":"is draggable"}],"endTime":1756929297601,"message":"","name":"C:\\Users\\Levi\\CascadeProjects\\petri-net-editor\\petri-net-app\\src\\__tests__\\components\\Place.test.jsx","startTime":1756929287194,"status":"passed","summary":""},{"assertionResults":[{"ancestorTitles":["App Component"],"duration":166,"failureDetails":[],"failureMessages":[],"fullName":"App Component renders main components","invocations":1,"location":null,"numPassingAsserts":4,"retryReasons":[],"status":"passed","title":"renders main components"},{"ancestorTitles":["App Component"],"duration":16,"failureDetails":[],"failureMessages":[],"fullName":"App Component starts with select mode","invocations":1,"location":null,"numPassingAsserts":1,"retryReasons":[],"status":"passed","title":"starts with select mode"},{"ancestorTitles":["App Component"],"duration":44,"failureDetails":[],"failureMessages":[],"fullName":"App Component changes mode when toolbar buttons are clicked","invocations":1,"location":null,"numPassingAsserts":1,"retryReasons":[],"status":"passed","title":"changes mode when toolbar buttons are clicked"},{"ancestorTitles":["App Component"],"duration":21,"failureDetails":[],"failureMessages":[],"fullName":"App Component selects elements when clicked in select mode","invocations":1,"location":null,"numPassingAsserts":0,"retryReasons":[],"status":"passed","title":"selects elements when clicked in select mode"}],"endTime":1756929298031,"message":"","name":"C:\\Users\\Levi\\CascadeProjects\\petri-net-editor\\petri-net-app\\src\\__tests__\\App.test.jsx","startTime":1756929287594,"status":"passed","summary":""},{"assertionResults":[{"ancestorTitles":["Test Environment Setup"],"duration":8,"failureDetails":[],"failureMessages":[],"fullName":"Test Environment Setup import.meta.env is properly mocked","invocations":1,"location":null,"numPassingAsserts":2,"retryReasons":[],"status":"passed","title":"import.meta.env is properly mocked"}],"endTime":1756929298420,"message":"","name":"C:\\Users\\Levi\\CascadeProjects\\petri-net-editor\\petri-net-app\\src\\__tests__\\setupTests.js","startTime":1756929297701,"status":"passed","summary":""},{"assertionResults":[{"ancestorTitles":["Undo/Redo Buttons"],"duration":306,"failureDetails":[],"failureMessages":[],"fullName":"Undo/Redo Buttons should render undo and redo buttons","invocations":1,"location":null,"numPassingAsserts":2,"retryReasons":[],"status":"passed","title":"should render undo and redo buttons"},{"ancestorTitles":["Undo/Redo Buttons"],"duration":185,"failureDetails":[],"failureMessages":[],"fullName":"Undo/Redo Buttons should call onUndo when undo button is clicked","invocations":1,"location":null,"numPassingAsserts":1,"retryReasons":[],"status":"passed","title":"should call onUndo when undo button is clicked"},{"ancestorTitles":["Undo/Redo Buttons"],"duration":100,"failureDetails":[],"failureMessages":[],"fullName":"Undo/Redo Buttons should call onRedo when redo button is clicked","invocations":1,"location":null,"numPassingAsserts":1,"retryReasons":[],"status":"passed","title":"should call onRedo when redo button is clicked"},{"ancestorTitles":["Undo/Redo Buttons"],"duration":102,"failureDetails":[],"failureMessages":[],"fullName":"Undo/Redo Buttons should disable undo button when canUndo is false","invocations":1,"location":null,"numPassingAsserts":1,"retryReasons":[],"status":"passed","title":"should disable undo button when canUndo is false"},{"ancestorTitles":["Undo/Redo Buttons"],"duration":1,"failureDetails":[],"failureMessages":[],"fullName":"Undo/Redo Buttons should disable redo button when canRedo is false","invocations":1,"location":null,"numPassingAsserts":0,"retryReasons":[],"status":"passed","title":"should disable redo button when canRedo is false"}],"endTime":1756929298420,"message":"","name":"C:\\Users\\Levi\\CascadeProjects\\petri-net-editor\\petri-net-app\\src\\__tests__\\components\\UndoRedoButtons.test.jsx","startTime":1756929286779,"status":"passed","summary":""},{"assertionResults":[{"ancestorTitles":["Transition Component"],"duration":232,"failureDetails":[],"failureMessages":[],"fullName":"Transition Component renders with correct position","invocations":1,"location":null,"numPassingAsserts":3,"retryReasons":[],"status":"passed","title":"renders with correct position"},{"ancestorTitles":["Transition Component"],"duration":23,"failureDetails":[],"failureMessages":[],"fullName":"Transition Component applies selected styling when isSelected is true","invocations":1,"location":null,"numPassingAsserts":2,"retryReasons":[],"status":"passed","title":"applies selected styling when isSelected is true"},{"ancestorTitles":["Transition Component"],"duration":16,"failureDetails":[],"failureMessages":[],"fullName":"Transition Component displays correct transition name","invocations":1,"location":null,"numPassingAsserts":1,"retryReasons":[],"status":"passed","title":"displays correct transition name"},{"ancestorTitles":["Transition Component"],"duration":40,"failureDetails":[],"failureMessages":[],"fullName":"Transition Component calls onSelect handler when clicked","invocations":1,"location":null,"numPassingAsserts":2,"retryReasons":[],"status":"passed","title":"calls onSelect handler when clicked"},{"ancestorTitles":["Transition Component"],"duration":15,"failureDetails":[],"failureMessages":[],"fullName":"Transition Component is draggable","invocations":1,"location":null,"numPassingAsserts":2,"retryReasons":[],"status":"passed","title":"is draggable"},{"ancestorTitles":["Transition Component"],"duration":10,"failureDetails":[],"failureMessages":[],"fullName":"Transition Component renders correctly with transition data","invocations":1,"location":null,"numPassingAsserts":2,"retryReasons":[],"status":"passed","title":"renders correctly with transition data"},{"ancestorTitles":["Transition Component"],"duration":10,"failureDetails":[],"failureMessages":[],"fullName":"Transition Component has correct dimensions","invocations":1,"location":null,"numPassingAsserts":3,"retryReasons":[],"status":"passed","title":"has correct dimensions"}],"endTime":1756929298821,"message":"","name":"C:\\Users\\Levi\\CascadeProjects\\petri-net-editor\\petri-net-app\\src\\__tests__\\components\\Transition.test.jsx","startTime":1756929295183,"status":"passed","summary":""},{"assertionResults":[{"ancestorTitles":["PropertiesPanel Component"],"duration":278,"failureDetails":[],"failureMessages":[],"fullName":"PropertiesPanel Component renders empty panel when no element is selected","invocations":1,"location":null,"numPassingAsserts":2,"retryReasons":[],"status":"passed","title":"renders empty panel when no element is selected"},{"ancestorTitles":["PropertiesPanel Component"],"duration":327,"failureDetails":[],"failureMessages":[],"fullName":"PropertiesPanel Component renders place properties when a place is selected","invocations":1,"location":null,"numPassingAsserts":3,"retryReasons":[],"status":"passed","title":"renders place properties when a place is selected"},{"ancestorTitles":["PropertiesPanel Component"],"duration":47,"failureDetails":[],"failureMessages":[],"fullName":"PropertiesPanel Component renders transition properties when a transition is selected","invocations":1,"location":null,"numPassingAsserts":3,"retryReasons":[],"status":"passed","title":"renders transition properties when a transition is selected"},{"ancestorTitles":["PropertiesPanel Component"],"duration":65,"failureDetails":[],"failureMessages":[],"fullName":"PropertiesPanel Component renders arc properties when an arc is selected","invocations":1,"location":null,"numPassingAsserts":3,"retryReasons":[],"status":"passed","title":"renders arc properties when an arc is selected"},{"ancestorTitles":["PropertiesPanel Component"],"duration":70,"failureDetails":[],"failureMessages":[],"fullName":"PropertiesPanel Component updates place name when input changes","invocations":1,"location":null,"numPassingAsserts":2,"retryReasons":[],"status":"passed","title":"updates place name when input changes"},{"ancestorTitles":["PropertiesPanel Component"],"duration":44,"failureDetails":[],"failureMessages":[],"fullName":"PropertiesPanel Component updates place tokens when input changes","invocations":1,"location":null,"numPassingAsserts":1,"retryReasons":[],"status":"passed","title":"updates place tokens when input changes"},{"ancestorTitles":["PropertiesPanel Component"],"duration":31,"failureDetails":[],"failureMessages":[],"fullName":"PropertiesPanel Component updates transition name when input changes","invocations":1,"location":null,"numPassingAsserts":1,"retryReasons":[],"status":"passed","title":"updates transition name when input changes"},{"ancestorTitles":["PropertiesPanel Component"],"duration":34,"failureDetails":[],"failureMessages":[],"fullName":"PropertiesPanel Component updates arc weight when input changes","invocations":1,"location":null,"numPassingAsserts":1,"retryReasons":[],"status":"passed","title":"updates arc weight when input changes"},{"ancestorTitles":["PropertiesPanel Component"],"duration":39,"failureDetails":[],"failureMessages":[],"fullName":"PropertiesPanel Component validates token count within range (0-20)","invocations":1,"location":null,"numPassingAsserts":3,"retryReasons":[],"status":"passed","title":"validates token count within range (0-20)"},{"ancestorTitles":["PropertiesPanel Component"],"duration":31,"failureDetails":[],"failureMessages":[],"fullName":"PropertiesPanel Component validates arc weight within range (1-20)","invocations":1,"location":null,"numPassingAsserts":3,"retryReasons":[],"status":"passed","title":"validates arc weight within range (1-20)"}],"endTime":1756929298864,"message":"","name":"C:\\Users\\Levi\\CascadeProjects\\petri-net-editor\\petri-net-app\\src\\__tests__\\components\\PropertiesPanel.test.jsx","startTime":1756929287006,"status":"passed","summary":""}],"wasInterrupted":false}
